<?xml version="1.0" encoding="UTF-8"?>
<!-- Generated by org.testng.reporters.JUnitReportReporter -->
<testsuite hostname="LAPTOP-MCIHK329" failures="0" tests="1" name="testNGAnnotations_Flags.GoogleSerachTestCase" time="5.359" errors="0" timestamp="2023-09-19T15:25:09 IST" skipped="0">
  <testcase classname="testNGAnnotations_Flags.GoogleSerachTestCase" name="Serach_in_java" time="5.359"/>
</testsuite> <!-- testNGAnnotations_Flags.GoogleSerachTestCase -->
