<?xml version="1.0" encoding="UTF-8"?>
<!-- Generated by org.testng.reporters.JUnitReportReporter -->
<testsuite hostname="LAPTOP-MCIHK329" failures="0" tests="2" name="testNGExcecution.SearchSelenium" time="14.755" errors="0" timestamp="2023-09-19T10:35:50 IST" skipped="0">
  <testcase classname="testNGExcecution.SearchSelenium" name="search_selenium_in_edge" time="6.805">
    <system-out>
      <![CDATA[selenium]]>
    </system-out>
  </testcase> <!-- search_selenium_in_edge -->
  <testcase classname="testNGExcecution.SearchSelenium" name="search_selenium_in_edge" time="7.950">
    <system-out>
      <![CDATA[selenium]]>
    </system-out>
  </testcase> <!-- search_selenium_in_edge -->
  <system-out>
    <![CDATA[java
selenium
java
selenium]]>
  </system-out>
</testsuite> <!-- testNGExcecution.SearchSelenium -->
