<?xml version="1.0" encoding="UTF-8"?>
<!-- Generated by org.testng.reporters.JUnitReportReporter -->
<testsuite hostname="LAPTOP-MCIHK329" failures="0" tests="2" name="testNGExcecution.SelectBrowser" time="17.467" errors="0" timestamp="2023-09-19T16:26:51 IST" skipped="0">
  <testcase classname="testNGExcecution.SelectBrowser" name="select_Browser_method" time="11.436"/>
  <testcase classname="testNGExcecution.SelectBrowser" name="select_Browser_method" time="6.031"/>
</testsuite> <!-- testNGExcecution.SelectBrowser -->
