<?xml version="1.0" encoding="UTF-8"?>
<!-- Generated by org.testng.reporters.JUnitReportReporter -->
<testsuite hostname="LAPTOP-MCIHK329" failures="0" tests="1" name="testNGExcecution.TestNGclass2" time="0.017" errors="0" timestamp="2023-09-17T15:03:35 IST" skipped="0">
  <testcase classname="testNGExcecution.TestNGclass2" name="Method4" time="0.017">
    <system-out>
      <![CDATA[TestNGclass2 : Method4]]>
    </system-out>
  </testcase> <!-- Method4 -->
  <system-out>
    <![CDATA[TestNGclass2 : Method4]]>
  </system-out>
</testsuite> <!-- testNGExcecution.TestNGclass2 -->
