<?xml version="1.0" encoding="UTF-8"?>
<!-- Generated by org.testng.reporters.JUnitReportReporter -->
<testsuite hostname="LAPTOP-MCIHK329" failures="0" tests="3" name="testNGAnnotations_Flags.DependsOnMethod_Flag" time="0.023" errors="0" timestamp="2023-09-20T20:09:35 IST" skipped="0">
  <testcase classname="testNGAnnotations_Flags.DependsOnMethod_Flag" name="LoginMethod" time="0.017"/>
  <testcase classname="testNGAnnotations_Flags.DependsOnMethod_Flag" name="LogoutMethod" time="0.003"/>
  <testcase classname="testNGAnnotations_Flags.DependsOnMethod_Flag" name="createuserMethod" time="0.003"/>
</testsuite> <!-- testNGAnnotations_Flags.DependsOnMethod_Flag -->
