<?xml version="1.0" encoding="UTF-8"?>
<!-- Generated by org.testng.reporters.JUnitReportReporter -->
<testsuite hostname="LAPTOP-MCIHK329" failures="0" tests="10" name="testNGAnnotations_Flags.Flag_priority" time="0.036" errors="0" timestamp="2023-09-20T20:00:23 IST" skipped="0">
  <testcase classname="testNGAnnotations_Flags.Flag_priority" name="f" time="0.016"/>
  <testcase classname="testNGAnnotations_Flags.Flag_priority" name="w" time="0.003"/>
  <testcase classname="testNGAnnotations_Flags.Flag_priority" name="r" time="0.002"/>
  <testcase classname="testNGAnnotations_Flags.Flag_priority" name="z" time="0.002"/>
  <testcase classname="testNGAnnotations_Flags.Flag_priority" name="c" time="0.003"/>
  <testcase classname="testNGAnnotations_Flags.Flag_priority" name="a" time="0.002"/>
  <testcase classname="testNGAnnotations_Flags.Flag_priority" name="l" time="0.002"/>
  <testcase classname="testNGAnnotations_Flags.Flag_priority" name="g" time="0.002"/>
  <testcase classname="testNGAnnotations_Flags.Flag_priority" name="h" time="0.002"/>
  <testcase classname="testNGAnnotations_Flags.Flag_priority" name="q" time="0.002"/>
</testsuite> <!-- testNGAnnotations_Flags.Flag_priority -->
