<?xml version="1.0" encoding="UTF-8"?>
<!-- Generated by org.testng.reporters.JUnitReportReporter -->
<testsuite hostname="LAPTOP-MCIHK329" failures="0" tests="2" name="testNGPackage.Remo" time="0.007" errors="0" timestamp="2023-09-17T15:30:35 IST" skipped="0">
  <testcase classname="testNGPackage.Remo" name="Method3" time="0.004"/>
  <testcase classname="testNGPackage.Remo" name="Method4" time="0.003"/>
</testsuite> <!-- testNGPackage.Remo -->
