<?xml version="1.0" encoding="UTF-8"?>
<!-- Generated by org.testng.reporters.JUnitReportReporter -->
<testsuite hostname="LAPTOP-MCIHK329" failures="0" tests="2" name="testNGPackage.Demo" time="0.029" errors="0" timestamp="2023-09-17T15:30:35 IST" skipped="0">
  <testcase classname="testNGPackage.Demo" name="Method1" time="0.025"/>
  <testcase classname="testNGPackage.Demo" name="Method2" time="0.004"/>
</testsuite> <!-- testNGPackage.Demo -->
