<?xml version="1.0" encoding="UTF-8"?>
<!-- Generated by org.testng.reporters.JUnitReportReporter -->
<testsuite hostname="LAPTOP-MCIHK329" failures="0" tests="2" name="advantageOfAnnotation.GoogleSerach" time="24.346" errors="0" timestamp="2023-09-18T14:35:23 IST" skipped="0">
  <testcase classname="advantageOfAnnotation.GoogleSerach" name="Serach_in_selenium" time="19.579"/>
  <testcase classname="advantageOfAnnotation.GoogleSerach" name="Serach_in_java" time="4.767"/>
</testsuite> <!-- advantageOfAnnotation.GoogleSerach -->
