<?xml version="1.0" encoding="UTF-8"?>
<!-- Generated by org.testng.reporters.JUnitReportReporter -->
<testsuite hostname="LAPTOP-MCIHK329" failures="0" tests="1" name="testNGExcecution.SearchSQL" time="14.361" errors="0" timestamp="2023-09-17T15:11:51 IST" skipped="0">
  <testcase classname="testNGExcecution.SearchSQL" name="search_sql_in_firefox" time="14.361">
    <system-out>
      <![CDATA[SQL]]>
    </system-out>
  </testcase> <!-- search_sql_in_firefox -->
  <system-out>
    <![CDATA[java
selenium
SQL]]>
  </system-out>
</testsuite> <!-- testNGExcecution.SearchSQL -->
