<?xml version="1.0" encoding="UTF-8"?>
<!-- Generated by org.testng.reporters.JUnitReportReporter -->
<testsuite hostname="LAPTOP-MCIHK329" failures="0" tests="2" name="testNGExcecution.TestNGclass3" time="0.006" errors="0" timestamp="2023-09-17T14:22:32 IST" skipped="0">
  <testcase classname="testNGExcecution.TestNGclass3" name="Method5" time="0.004">
    <system-out>
      <![CDATA[TestNGclass3 : Method5]]>
    </system-out>
  </testcase> <!-- Method5 -->
  <testcase classname="testNGExcecution.TestNGclass3" name="Method6" time="0.002">
    <system-out>
      <![CDATA[TestNGclass3 : Method6]]>
    </system-out>
  </testcase> <!-- Method6 -->
  <system-out>
    <![CDATA[TestNGclass1 : Method1
TestNGclass1 : Method2
TestNGclass2 : Method3
TestNGclass3 : Method5
TestNGclass3 : Method6]]>
  </system-out>
</testsuite> <!-- testNGExcecution.TestNGclass3 -->
