<?xml version="1.0" encoding="UTF-8"?>
<!-- Generated by org.testng.reporters.JUnitReportReporter -->
<testsuite hostname="LAPTOP-MCIHK329" failures="0" tests="2" name="testNGExcecution.TestNGclass1" time="0.031" errors="0" timestamp="2023-09-17T14:22:32 IST" skipped="0">
  <testcase classname="testNGExcecution.TestNGclass1" name="Method1" time="0.028">
    <system-out>
      <![CDATA[TestNGclass1 : Method1]]>
    </system-out>
  </testcase> <!-- Method1 -->
  <testcase classname="testNGExcecution.TestNGclass1" name="Method2" time="0.003">
    <system-out>
      <![CDATA[TestNGclass1 : Method2]]>
    </system-out>
  </testcase> <!-- Method2 -->
  <system-out>
    <![CDATA[TestNGclass1 : Method1
TestNGclass1 : Method2
TestNGclass2 : Method3
TestNGclass3 : Method5
TestNGclass3 : Method6]]>
  </system-out>
</testsuite> <!-- testNGExcecution.TestNGclass1 -->
