<?xml version="1.0" encoding="UTF-8"?>
<!-- Generated by org.testng.reporters.JUnitReportReporter -->
<testsuite hostname="LAPTOP-MCIHK329" failures="0" tests="3" name="testNGAnnotations_Flags.enableFlag" time="0.018" errors="0" timestamp="2023-09-19T17:05:06 IST" skipped="1">
  <testcase classname="testNGAnnotations_Flags.enableFlag" name="method3" time="0.003">
    <system-out>
      <![CDATA[Method3]]>
    </system-out>
  </testcase> <!-- method3 -->
  <testcase classname="testNGAnnotations_Flags.enableFlag" name="method1" time="0.015">
    <system-out>
      <![CDATA[Method1]]>
    </system-out>
  </testcase> <!-- method1 -->
  <testcase classname="testNGAnnotations_Flags.enableFlag" name="method2">
    <skipped/>
  </testcase> <!-- method2 -->
  <system-out>
    <![CDATA[Method1
Method3]]>
  </system-out>
</testsuite> <!-- testNGAnnotations_Flags.enableFlag -->
