<?xml version="1.0" encoding="UTF-8"?>
<!-- Generated by org.testng.reporters.JUnitReportReporter -->
<testsuite hostname="LAPTOP-MCIHK329" failures="0" tests="12" name="testNGAnnotations_Flags.Invocation_count_Flag" time="0.042" errors="0" timestamp="2023-09-20T19:46:07 IST" skipped="0">
  <testcase classname="testNGAnnotations_Flags.Invocation_count_Flag" name="method2" time="0.003">
    <system-out>
      <![CDATA[Method2]]>
    </system-out>
  </testcase> <!-- method2 -->
  <testcase classname="testNGAnnotations_Flags.Invocation_count_Flag" name="method2" time="0.002">
    <system-out>
      <![CDATA[Method2]]>
    </system-out>
  </testcase> <!-- method2 -->
  <testcase classname="testNGAnnotations_Flags.Invocation_count_Flag" name="method1" time="0.015">
    <system-out>
      <![CDATA[Method1]]>
    </system-out>
  </testcase> <!-- method1 -->
  <testcase classname="testNGAnnotations_Flags.Invocation_count_Flag" name="method2" time="0.002">
    <system-out>
      <![CDATA[Method2]]>
    </system-out>
  </testcase> <!-- method2 -->
  <testcase classname="testNGAnnotations_Flags.Invocation_count_Flag" name="method2" time="0.003">
    <system-out>
      <![CDATA[Method2]]>
    </system-out>
  </testcase> <!-- method2 -->
  <testcase classname="testNGAnnotations_Flags.Invocation_count_Flag" name="method2" time="0.002">
    <system-out>
      <![CDATA[Method2]]>
    </system-out>
  </testcase> <!-- method2 -->
  <testcase classname="testNGAnnotations_Flags.Invocation_count_Flag" name="method2" time="0.002">
    <system-out>
      <![CDATA[Method2]]>
    </system-out>
  </testcase> <!-- method2 -->
  <testcase classname="testNGAnnotations_Flags.Invocation_count_Flag" name="method2" time="0.003">
    <system-out>
      <![CDATA[Method2]]>
    </system-out>
  </testcase> <!-- method2 -->
  <testcase classname="testNGAnnotations_Flags.Invocation_count_Flag" name="method3" time="0.003">
    <system-out>
      <![CDATA[Method3]]>
    </system-out>
  </testcase> <!-- method3 -->
  <testcase classname="testNGAnnotations_Flags.Invocation_count_Flag" name="method2" time="0.003">
    <system-out>
      <![CDATA[Method2]]>
    </system-out>
  </testcase> <!-- method2 -->
  <testcase classname="testNGAnnotations_Flags.Invocation_count_Flag" name="method2" time="0.002">
    <system-out>
      <![CDATA[Method2]]>
    </system-out>
  </testcase> <!-- method2 -->
  <testcase classname="testNGAnnotations_Flags.Invocation_count_Flag" name="method2" time="0.002">
    <system-out>
      <![CDATA[Method2]]>
    </system-out>
  </testcase> <!-- method2 -->
  <system-out>
    <![CDATA[Method1
Method2
Method2
Method2
Method2
Method2
Method2
Method2
Method2
Method2
Method2
Method3]]>
  </system-out>
</testsuite> <!-- testNGAnnotations_Flags.Invocation_count_Flag -->
