<?xml version="1.0" encoding="UTF-8"?>
<!-- Generated by org.testng.reporters.JUnitReportReporter -->
<testsuite hostname="LAPTOP-MCIHK329" failures="0" tests="2" name="testNGExcecution.Searchjava" time="13.911" errors="0" timestamp="2023-09-19T10:35:50 IST" skipped="0">
  <testcase classname="testNGExcecution.Searchjava" name="java_search_in_Chrome" time="6.199">
    <system-out>
      <![CDATA[java]]>
    </system-out>
  </testcase> <!-- java_search_in_Chrome -->
  <testcase classname="testNGExcecution.Searchjava" name="java_search_in_Chrome" time="7.712">
    <system-out>
      <![CDATA[java]]>
    </system-out>
  </testcase> <!-- java_search_in_Chrome -->
  <system-out>
    <![CDATA[java
selenium
java
selenium]]>
  </system-out>
</testsuite> <!-- testNGExcecution.Searchjava -->
