<?xml version="1.0" encoding="UTF-8"?>
<!-- Generated by org.testng.reporters.JUnitReportReporter -->
<testsuite hostname="LAPTOP-MCIHK329" failures="0" tests="12" name="testNGAnnotations_Flags.Flag6" time="0.045" errors="0" timestamp="2023-09-20T22:34:34 IST" skipped="0">
  <testcase classname="testNGAnnotations_Flags.Flag6" name="st1" time="0.002"/>
  <testcase classname="testNGAnnotations_Flags.Flag6" name="st2" time="0.005"/>
  <testcase classname="testNGAnnotations_Flags.Flag6" name="ft6" time="0.003"/>
  <testcase classname="testNGAnnotations_Flags.Flag6" name="st3" time="0.002"/>
  <testcase classname="testNGAnnotations_Flags.Flag6" name="ft5" time="0.001"/>
  <testcase classname="testNGAnnotations_Flags.Flag6" name="ft3" time="0.003"/>
  <testcase classname="testNGAnnotations_Flags.Flag6" name="st4" time="0.002"/>
  <testcase classname="testNGAnnotations_Flags.Flag6" name="st6" time="0.002"/>
  <testcase classname="testNGAnnotations_Flags.Flag6" name="ft1" time="0.018"/>
  <testcase classname="testNGAnnotations_Flags.Flag6" name="ft4" time="0.003"/>
  <testcase classname="testNGAnnotations_Flags.Flag6" name="st5" time="0.002"/>
  <testcase classname="testNGAnnotations_Flags.Flag6" name="ft2" time="0.002"/>
</testsuite> <!-- testNGAnnotations_Flags.Flag6 -->
